mode: set
github.com/testapi/usermngmnt/userdb.go:24.85,29.16 4 1
github.com/testapi/usermngmnt/userdb.go:29.16,30.38 1 0
github.com/testapi/usermngmnt/userdb.go:32.2,33.36 2 1
github.com/testapi/usermngmnt/userdb.go:36.34,39.2 2 0
github.com/testapi/usermngmnt/userdb.go:41.55,46.2 4 1
github.com/testapi/usermngmnt/userdb.go:48.55,54.2 5 1
github.com/testapi/usermngmnt/userdb.go:56.58,62.2 5 1
github.com/testapi/usermngmnt/userdb.go:64.55,70.2 5 1
github.com/testapi/usermngmnt/userdb.go:72.58,80.2 7 1
